<?xml version="1.0" encoding="UTF-8"?>
<testng-results ignored="0" total="2" passed="2" failed="0" skipped="0">
  <reporter-output>
  </reporter-output>
  <suite started-at="2022-09-01T20:35:44 IST" name="Suite" finished-at="2022-09-01T20:36:00 IST" duration-ms="16279">
    <groups>
    </groups>
    <test started-at="2022-09-01T20:35:44 IST" name="Test" finished-at="2022-09-01T20:36:00 IST" duration-ms="16279">
      <class name="Facebook.ValidateUserNameAndPassword">
        <test-method is-config="true" signature="InizialiseBrowser()[pri:0, instance:Facebook.ValidateUserNameAndPassword@7f0d96f2]" started-at="2022-09-01T20:35:52 IST" name="InizialiseBrowser" finished-at="2022-09-01T20:35:58 IST" duration-ms="5412" status="PASS">
          <reporter-output>
          </reporter-output>
        </test-method> <!-- InizialiseBrowser -->
        <test-method signature="EnterUserNameAndPassword()[pri:0, instance:Facebook.ValidateUserNameAndPassword@7f0d96f2]" started-at="2022-09-01T20:35:58 IST" name="EnterUserNameAndPassword" finished-at="2022-09-01T20:35:59 IST" duration-ms="701" status="PASS">
          <reporter-output>
          </reporter-output>
        </test-method> <!-- EnterUserNameAndPassword -->
        <test-method is-config="true" signature="CloseBrowser()[pri:0, instance:Facebook.ValidateUserNameAndPassword@7f0d96f2]" started-at="2022-09-01T20:35:59 IST" name="CloseBrowser" finished-at="2022-09-01T20:36:00 IST" duration-ms="573" status="PASS">
          <reporter-output>
          </reporter-output>
        </test-method> <!-- CloseBrowser -->
      </class> <!-- Facebook.ValidateUserNameAndPassword -->
      <class name="Facebook.ValidateFacebookPage">
        <test-method is-config="true" signature="InizialiseBrowser()[pri:0, instance:Facebook.ValidateFacebookPage@2c07545f]" started-at="2022-09-01T20:35:44 IST" name="InizialiseBrowser" finished-at="2022-09-01T20:35:52 IST" duration-ms="8913" status="PASS">
          <reporter-output>
          </reporter-output>
        </test-method> <!-- InizialiseBrowser -->
        <test-method signature="ValidateHomePage()[pri:0, instance:Facebook.ValidateFacebookPage@2c07545f]" started-at="2022-09-01T20:35:58 IST" name="ValidateHomePage" finished-at="2022-09-01T20:35:58 IST" duration-ms="20" status="PASS">
          <reporter-output>
          </reporter-output>
        </test-method> <!-- ValidateHomePage -->
        <test-method is-config="true" signature="CloseBrowser()[pri:0, instance:Facebook.ValidateFacebookPage@2c07545f]" started-at="2022-09-01T20:35:59 IST" name="CloseBrowser" finished-at="2022-09-01T20:35:59 IST" duration-ms="583" status="PASS">
          <reporter-output>
          </reporter-output>
        </test-method> <!-- CloseBrowser -->
      </class> <!-- Facebook.ValidateFacebookPage -->
    </test> <!-- Test -->
  </suite> <!-- Suite -->
</testng-results>
