<?xml version="1.0" encoding="UTF-8"?>
<testng-results ignored="0" total="1" passed="1" failed="0" skipped="0">
  <reporter-output>
  </reporter-output>
  <suite started-at="2022-09-01T20:40:25 IST" name="Default suite" finished-at="2022-09-01T20:40:31 IST" duration-ms="5840">
    <groups>
    </groups>
    <test started-at="2022-09-01T20:40:25 IST" name="Default test" finished-at="2022-09-01T20:40:31 IST" duration-ms="5840">
      <class name="Facebook.ValidateFacebookPage">
        <test-method is-config="true" signature="InizialiseBrowser()[pri:0, instance:Facebook.ValidateFacebookPage@619bfe29]" started-at="2022-09-01T20:40:25 IST" name="InizialiseBrowser" finished-at="2022-09-01T20:40:30 IST" duration-ms="5472" status="PASS">
          <reporter-output>
          </reporter-output>
        </test-method> <!-- InizialiseBrowser -->
        <test-method signature="ValidateHomePage()[pri:0, instance:Facebook.ValidateFacebookPage@619bfe29]" started-at="2022-09-01T20:40:30 IST" name="ValidateHomePage" finished-at="2022-09-01T20:40:30 IST" duration-ms="23" status="PASS">
          <reporter-output>
          </reporter-output>
        </test-method> <!-- ValidateHomePage -->
        <test-method is-config="true" signature="CloseBrowser()[pri:0, instance:Facebook.ValidateFacebookPage@619bfe29]" started-at="2022-09-01T20:40:30 IST" name="CloseBrowser" finished-at="2022-09-01T20:40:31 IST" duration-ms="284" status="PASS">
          <reporter-output>
          </reporter-output>
        </test-method> <!-- CloseBrowser -->
      </class> <!-- Facebook.ValidateFacebookPage -->
    </test> <!-- Default test -->
  </suite> <!-- Default suite -->
</testng-results>
